[debug] [2025-05-21T15:41:13.654Z] ----------------------------------------------------------------------
[debug] [2025-05-21T15:41:13.660Z] Command:       C:\Program Files\nodejs\node.exe C:\Users\Edu Souza\AppData\Roaming\npm\node_modules\firebase-tools\lib\bin\firebase.js init
[debug] [2025-05-21T15:41:13.661Z] CLI Version:   14.4.0
[debug] [2025-05-21T15:41:13.661Z] Platform:      win32
[debug] [2025-05-21T15:41:13.661Z] Node Version:  v22.15.0
[debug] [2025-05-21T15:41:13.662Z] Time:          Wed May 21 2025 12:41:13 GMT-0300 (Horário Padrão de Brasília)
[debug] [2025-05-21T15:41:13.662Z] ----------------------------------------------------------------------
[debug] 
[debug] [2025-05-21T15:41:13.667Z] >>> [apiv2][query] GET https://firebase-public.firebaseio.com/cli.json [none]
[debug] [2025-05-21T15:41:14.272Z] > command requires scopes: ["email","openid","https://www.googleapis.com/auth/cloudplatformprojects.readonly","https://www.googleapis.com/auth/firebase","https://www.googleapis.com/auth/cloud-platform"]
[debug] [2025-05-21T15:41:14.273Z] > authorizing via signed-in user (snacksdichris@gmail.com)
[info] 
     ######## #### ########  ######## ########     ###     ######  ########
     ##        ##  ##     ## ##       ##     ##  ##   ##  ##       ##
     ######    ##  ########  ######   ########  #########  ######  ######
     ##        ##  ##    ##  ##       ##     ## ##     ##       ## ##
     ##       #### ##     ## ######## ########  ##     ##  ######  ########

You're about to initialize a Firebase project in this directory:

  D:\snacks-di-chris-cardapio

Before we get started, keep in mind:

  * You are initializing within an existing Firebase project directory

[debug] [2025-05-21T15:41:15.402Z] <<< [apiv2][status] GET https://firebase-public.firebaseio.com/cli.json 200
[debug] [2025-05-21T15:41:15.403Z] <<< [apiv2][body] GET https://firebase-public.firebaseio.com/cli.json {"cloudBuildErrorAfter":1594252800000,"cloudBuildWarnAfter":1590019200000,"defaultNode10After":1594252800000,"minVersion":"3.0.5","node8DeploysDisabledAfter":1613390400000,"node8RuntimeDisabledAfter":1615809600000,"node8WarnAfter":1600128000000}
[debug] [2025-05-21T15:41:23.189Z] ExitPromptError: User force closed the prompt with SIGINT
    at Interface.sigint (C:\Users\Edu Souza\AppData\Roaming\npm\node_modules\firebase-tools\node_modules\@inquirer\core\dist\commonjs\lib\create-prompt.js:100:37)
    at Interface.emit (node:events:518:28)
    at Interface.emit (node:domain:489:12)
    at [_ttyWrite] [as _ttyWrite] (node:internal/readline/interface:1128:18)
    at ReadStream.onkeypress (node:internal/readline/interface:267:20)
    at ReadStream.emit (node:events:530:35)
    at ReadStream.emit (node:domain:489:12)
    at emitKeys (node:internal/readline/utils:370:14)
    at emitKeys.next (<anonymous>)
    at ReadStream.onData (node:internal/readline/emitKeypressEvents:64:36)
[error] 
[error] Error: An unexpected error has occurred.
